{"uuid":"24e4c0e1-f948-47f8-a9df-88b036ac2c5c","historyId":"6b742a53e9be0ab0b062c894ea5ee40f","fullName":"io.cucumber.testng.AbstractTestNGCucumberTests.runScenario","labels":[{"name":"package","value":"dsAlgo_TestRunner.TestRunner"},{"name":"testClass","value":"dsAlgo_TestRunner.TestRunner"},{"name":"testMethod","value":"runScenario"},{"name":"parentSuite","value":"Default suite"},{"name":"suite","value":"Default test"},{"name":"subSuite","value":"dsAlgo_TestRunner.TestRunner"},{"name":"host","value":"suba-pc"},{"name":"thread","value":"17096@suba-pc.main(1)"},{"name":"framework","value":"testng"},{"name":"language","value":"java"}],"links":[],"name":"Runs Cucumber Scenarios","status":"failed","statusDetails":{"known":false,"muted":false,"flaky":false,"message":"expected [null] but found [<erroroutput>]","trace":"java.lang.AssertionError: expected [null] but found [<erroroutput>]\r\n\tat org.testng.Assert.fail(Assert.java:99)\r\n\tat org.testng.Assert.failNotEquals(Assert.java:1037)\r\n\tat org.testng.Assert.assertEqualsImpl(Assert.java:140)\r\n\tat org.testng.Assert.assertEquals(Assert.java:122)\r\n\tat org.testng.Assert.assertEquals(Assert.java:629)\r\n\tat org.testng.Assert.assertEquals(Assert.java:639)\r\n\tat dsAlgo_StepDefinition.KGraphPage_SD.user_should_get_the_erroroutput(KGraphPage_SD.java:89)\r\n\tat âœ½.user should get the \"<erroroutput>\" on the screen(file:///C:/Users/subas/eclipse-workspace-new/ADsAlgo_Final/src/test/resources/Features/IQueuePage.feature:26)\r\n"},"stage":"finished","steps":[],"attachments":[],"parameters":[{"name":"arg1","value":"\"Optional[Testing queue page]\""},{"name":"arg0","value":"\"User checks each of the topics in Graph with invalid python code\""}],"start":1689495961482,"stop":1689495962891}